In file included from ../ext/bson.cc:14:0:
/home/slimane/.node-gyp/7.4.0/include/node/v8.h:346:1: error: expected unqualified-id before ‘using’
/home/slimane/.node-gyp/7.4.0/include/node/v8.h:849:1: error: expected unqualified-id before ‘using’
/home/slimane/.node-gyp/7.4.0/include/node/v8.h:5578:35: error: ‘virtual v8::EmbedderHeapTracer::~EmbedderHeapTracer()’ declared virtual cannot be defaulted in the class body
In file included from ../ext/bson.cc:35:0:
../ext/bson.h:55:25: error: ‘Handle’ has not been declared
../ext/bson.h:55:31: error: expected ‘,’ or ‘...’ before ‘<’ token
../ext/bson.h:56:9: error: ‘Handle’ does not name a type
../ext/bson.h:59:9: error: ‘Handle’ does not name a type
../ext/bson.h:60:9: error: ‘Handle’ does not name a type
../ext/bson.h:63:9: error: ‘Handle’ does not name a type
../ext/bson.h:64:9: error: ‘Handle’ does not name a type
../ext/bson.h:70:9: error: ‘Handle’ does not name a type
../ext/bson.h:71:9: error: ‘Handle’ does not name a type
../ext/bson.h:119:41: error: ‘Handle’ does not name a type
../ext/bson.h:119:41: error: ISO C++ forbids declaration of ‘parameter’ with no type [-fpermissive]
../ext/bson.h:119:47: error: expected ‘,’ or ‘...’ before ‘<’ token
../ext/bson.h:133:23: error: ‘Handle’ does not name a type
../ext/bson.h:133:23: error: ISO C++ forbids declaration of ‘parameter’ with no type [-fpermissive]
../ext/bson.h:133:29: error: expected ‘,’ or ‘...’ before ‘<’ token
../ext/bson.h:133:7: error: ‘void CountStream::WriteByte(int)’ cannot be overloaded
../ext/bson.h:132:7: error: with ‘void CountStream::WriteByte(int)’
../ext/bson.h:134:23: error: ‘Handle’ does not name a type
../ext/bson.h:134:23: error: ISO C++ forbids declaration of ‘parameter’ with no type [-fpermissive]
../ext/bson.h:134:29: error: expected ‘,’ or ‘...’ before ‘<’ token
../ext/bson.h:136:24: error: ‘Handle’ does not name a type
../ext/bson.h:136:24: error: ISO C++ forbids declaration of ‘parameter’ with no type [-fpermissive]
../ext/bson.h:136:30: error: expected ‘,’ or ‘...’ before ‘<’ token
../ext/bson.h:136:7: error: ‘void CountStream::WriteInt32(int)’ cannot be overloaded
../ext/bson.h:135:7: error: with ‘void CountStream::WriteInt32(int32_t)’
../ext/bson.h:137:24: error: ‘Handle’ does not name a type
../ext/bson.h:137:24: error: ISO C++ forbids declaration of ‘parameter’ with no type [-fpermissive]
../ext/bson.h:137:30: error: expected ‘,’ or ‘...’ before ‘<’ token
../ext/bson.h:137:7: error: ‘void CountStream::WriteInt32(int)’ cannot be overloaded
../ext/bson.h:135:7: error: with ‘void CountStream::WriteInt32(int32_t)’
../ext/bson.h:139:24: error: ‘Handle’ does not name a type
../ext/bson.h:139:24: error: ISO C++ forbids declaration of ‘parameter’ with no type [-fpermissive]
../ext/bson.h:139:30: error: expected ‘,’ or ‘...’ before ‘<’ token
../ext/bson.h:141:25: error: ‘Handle’ does not name a type
../ext/bson.h:141:25: error: ISO C++ forbids declaration of ‘parameter’ with no type [-fpermissive]
../ext/bson.h:141:31: error: expected ‘,’ or ‘...’ before ‘<’ token
../ext/bson.h:142:25: error: ‘Handle’ does not name a type
../ext/bson.h:142:25: error: ISO C++ forbids declaration of ‘parameter’ with no type [-fpermissive]
../ext/bson.h:142:31: error: expected ‘,’ or ‘...’ before ‘<’ token
../ext/bson.h:142:7: error: ‘void CountStream::WriteDouble(int)’ cannot be overloaded
../ext/bson.h:141:7: error: with ‘void CountStream::WriteDouble(int)’
../ext/bson.h:145:27: error: ‘Handle’ does not name a type
../ext/bson.h:145:27: error: ISO C++ forbids declaration of ‘parameter’ with no type [-fpermissive]
../ext/bson.h:145:33: error: expected ‘,’ or ‘...’ before ‘<’ token
In file included from ../ext/bson.cc:35:0:
../ext/bson.h:169:23: error: ‘Handle’ does not name a type
../ext/bson.h:169:23: error: ISO C++ forbids declaration of ‘parameter’ with no type [-fpermissive]
../ext/bson.h:169:29: error: expected ‘,’ or ‘...’ before ‘<’ token
../ext/bson.h:169:7: error: ‘void DataStream::WriteByte(int)’ cannot be overloaded
../ext/bson.h:168:7: error: with ‘void DataStream::WriteByte(int)’
../ext/bson.h:179:23: error: ‘Handle’ does not name a type
../ext/bson.h:179:23: error: ISO C++ forbids declaration of ‘parameter’ with no type [-fpermissive]
../ext/bson.h:179:29: error: expected ‘,’ or ‘...’ before ‘<’ token
../ext/bson.h:180:24: error: ‘Handle’ does not name a type
../ext/bson.h:180:24: error: ISO C++ forbids declaration of ‘parameter’ with no type [-fpermissive]
../ext/bson.h:180:30: error: expected ‘,’ or ‘...’ before ‘<’ token
../ext/bson.h:180:7: error: ‘void DataStream::WriteInt32(int)’ cannot be overloaded
../ext/bson.h:171:7: error: with ‘void DataStream::WriteInt32(int32_t)’
../ext/bson.h:181:24: error: ‘Handle’ does not name a type
../ext/bson.h:181:24: error: ISO C++ forbids declaration of ‘parameter’ with no type [-fpermissive]
../ext/bson.h:181:30: error: expected ‘,’ or ‘...’ before ‘<’ token
../ext/bson.h:181:7: error: ‘void DataStream::WriteInt32(int)’ cannot be overloaded
../ext/bson.h:171:7: error: with ‘void DataStream::WriteInt32(int32_t)’
../ext/bson.h:182:24: error: ‘Handle’ does not name a type
../ext/bson.h:182:24: error: ISO C++ forbids declaration of ‘parameter’ with no type [-fpermissive]
../ext/bson.h:182:30: error: expected ‘,’ or ‘...’ before ‘<’ token
../ext/bson.h:183:25: error: ‘Handle’ does not name a type
../ext/bson.h:183:25: error: ISO C++ forbids declaration of ‘parameter’ with no type [-fpermissive]
../ext/bson.h:183:31: error: expected ‘,’ or ‘...’ before ‘<’ token
../ext/bson.h:184:25: error: ‘Handle’ does not name a type
../ext/bson.h:184:25: error: ISO C++ forbids declaration of ‘parameter’ with no type [-fpermissive]
../ext/bson.h:184:31: error: expected ‘,’ or ‘...’ before ‘<’ token
../ext/bson.h:184:7: error: ‘void DataStream::WriteDouble(int)’ cannot be overloaded
../ext/bson.h:183:7: error: with ‘void DataStream::WriteDouble(int)’
../ext/bson.h:187:27: error: ‘Handle’ does not name a type
../ext/bson.h:187:27: error: ISO C++ forbids declaration of ‘parameter’ with no type [-fpermissive]
../ext/bson.h:187:33: error: expected ‘,’ or ‘...’ before ‘<’ token
../ext/bson.h: In member function ‘void DataStream::WriteByte(int)’:
../ext/bson.h:169:83: error: ‘object’ was not declared in this scope
../ext/bson.h:169:95: error: ‘key’ was not declared in this scope
../ext/bson.h: In member function ‘void DataStream::WriteBool(int)’:
../ext/bson.h:179:61: error: ‘value’ was not declared in this scope
../ext/bson.h: In member function ‘void DataStream::WriteInt32(int)’:
../ext/bson.h:180:63: error: ‘value’ was not declared in this scope
../ext/bson.h: In member function ‘void DataStream::WriteInt32(int)’:
../ext/bson.h:181:88: error: ‘object’ was not declared in this scope
../ext/bson.h:181:100: error: ‘key’ was not declared in this scope
../ext/bson.h: In member function ‘void DataStream::WriteInt64(int)’:
../ext/bson.h:182:63: error: ‘value’ was not declared in this scope
../ext/bson.h: In member function ‘void DataStream::WriteDouble(int)’:
../ext/bson.h:183:65: error: ‘value’ was not declared in this scope
../ext/bson.h: In member function ‘void DataStream::WriteDouble(int)’:
../ext/bson.h:184:90: error: ‘object’ was not declared in this scope
../ext/bson.h:184:102: error: ‘key’ was not declared in this scope
../ext/bson.h: At global scope:
../ext/bson.h:219:31: error: ‘Handle’ does not name a type
../ext/bson.h:219:31: error: ISO C++ forbids declaration of ‘parameter’ with no type [-fpermissive]
../ext/bson.h:219:37: error: expected ‘,’ or ‘...’ before ‘<’ token
../ext/bson.h:220:28: error: ‘Handle’ does not name a type
../ext/bson.h:220:28: error: ISO C++ forbids declaration of ‘parameter’ with no type [-fpermissive]
../ext/bson.h:220:34: error: expected ‘,’ or ‘...’ before ‘<’ token
../ext/bson.h:221:48: error: ‘Handle’ does not name a type
../ext/bson.h:221:48: error: ISO C++ forbids declaration of ‘parameter’ with no type [-fpermissive]
../ext/bson.h:221:54: error: expected ‘,’ or ‘...’ before ‘<’ token
../ext/bson.h:237:2: error: ‘Handle’ does not name a type
../ext/bson.h:262:2: error: ‘Handle’ does not name a type
../ext/bson.h:263:2: error: ‘Handle’ does not name a type
../ext/bson.h:264:2: error: ‘Handle’ does not name a type
../ext/bson.h:265:2: error: ‘Handle’ does not name a type
../ext/bson.cc:42:38: error: ‘Handle’ does not name a type
../ext/bson.cc:42:38: error: ISO C++ forbids declaration of ‘parameter’ with no type [-fpermissive]
../ext/bson.cc:42:44: error: expected ‘,’ or ‘...’ before ‘<’ token
../ext/bson.cc: In member function ‘void DataStream::WriteObjectId(int)’:
../ext/bson.cc:45:2: error: ‘object’ was not declared in this scope
../ext/bson.cc:45:14: error: ‘key’ was not declared in this scope
../ext/bson.cc: At global scope:
../ext/bson.cc:91:70: error: ‘Handle’ does not name a type
../ext/bson.cc:91:70: error: ISO C++ forbids declaration of ‘parameter’ with no type [-fpermissive]
../ext/bson.cc:91:76: error: expected ‘,’ or ‘...’ before ‘<’ token
../ext/bson.cc: In member function ‘void BSONSerializer<T>::SerializeDocument(int)’:
../ext/bson.cc:94:50: error: ‘value’ was not declared in this scope
../ext/bson.cc: At global scope:
../ext/bson.cc:124:67: error: ‘Handle’ does not name a type
../ext/bson.cc:124:67: error: ISO C++ forbids declaration of ‘parameter’ with no type [-fpermissive]
../ext/bson.cc:124:73: error: expected ‘,’ or ‘...’ before ‘<’ token
../ext/bson.cc: In member function ‘void BSONSerializer<T>::SerializeArray(int)’:
../ext/bson.cc:128:42: error: ‘value’ was not declared in this scope
../ext/bson.cc: At global scope:
../ext/bson.cc:145:87: error: ‘Handle’ does not name a type
../ext/bson.cc:145:87: error: ISO C++ forbids declaration of ‘parameter’ with no type [-fpermissive]
../ext/bson.cc:145:93: error: expected ‘,’ or ‘...’ before ‘<’ token
../ext/bson.cc: In member function ‘void BSONSerializer<T>::SerializeValue(void*, int)’:
../ext/bson.cc:147:5: error: ‘value’ was not declared in this scope
../ext/bson.cc:185:9: error: ‘Handle’ does not name a type
../ext/bson.cc:187:21: error: ‘regExp’ was not declared in this scope
../ext/bson.cc:203:39: error: no matching function for call to ‘v8::Object::Has(v8::Persistent<v8::String>&)’
../ext/bson.cc:203:39: note: candidates are:
/home/slimane/.node-gyp/7.4.0/include/node/v8.h:2738:3: note: bool v8::Object::Has(v8::Local<v8::Value>)
/home/slimane/.node-gyp/7.4.0/include/node/v8.h:2738:3: note:   no known conversion for argument 1 from ‘v8::Persistent<v8::String>’ to ‘v8::Local<v8::Value>’
/home/slimane/.node-gyp/7.4.0/include/node/v8.h:2739:37: note: v8::Maybe<bool> v8::Object::Has(v8::Local<v8::Context>, v8::Local<v8::Value>)
/home/slimane/.node-gyp/7.4.0/include/node/v8.h:2739:37: note:   candidate expects 2 arguments, 1 provided
/home/slimane/.node-gyp/7.4.0/include/node/v8.h:2746:3: note: bool v8::Object::Has(uint32_t)
/home/slimane/.node-gyp/7.4.0/include/node/v8.h:2746:3: note:   no known conversion for argument 1 from ‘v8::Persistent<v8::String>’ to ‘uint32_t {aka unsigned int}’
/home/slimane/.node-gyp/7.4.0/include/node/v8.h:2747:37: note: v8::Maybe<bool> v8::Object::Has(v8::Local<v8::Context>, uint32_t)
/home/slimane/.node-gyp/7.4.0/include/node/v8.h:2747:37: note:   candidate expects 2 arguments, 1 provided
../ext/bson.cc:206:23: error: base operand of ‘->’ has non-pointer type ‘v8::Persistent<v8::String>’
../ext/bson.cc:212:33: error: base operand of ‘->’ has non-pointer type ‘v8::Persistent<v8::String>’
../ext/bson.cc:218:32: error: base operand of ‘->’ has non-pointer type ‘v8::Persistent<v8::String>’
../ext/bson.cc:223:30: error: base operand of ‘->’ has non-pointer type ‘v8::Persistent<v8::String>’
../ext/bson.cc:227:62: error: no matching function for call to ‘v8::Object::Get(v8::Persistent<v8::String>&)’
../ext/bson.cc:227:62: note: candidates are:
/home/slimane/.node-gyp/7.4.0/include/node/v8.h:2712:3: note: v8::Local<v8::Value> v8::Object::Get(v8::Local<v8::Value>)
/home/slimane/.node-gyp/7.4.0/include/node/v8.h:2712:3: note:   no known conversion for argument 1 from ‘v8::Persistent<v8::String>’ to ‘v8::Local<v8::Value>’
/home/slimane/.node-gyp/7.4.0/include/node/v8.h:2713:43: note: v8::MaybeLocal<v8::Value> v8::Object::Get(v8::Local<v8::Context>, v8::Local<v8::Value>)
/home/slimane/.node-gyp/7.4.0/include/node/v8.h:2713:43: note:   candidate expects 2 arguments, 1 provided
/home/slimane/.node-gyp/7.4.0/include/node/v8.h:2716:3: note: v8::Local<v8::Value> v8::Object::Get(uint32_t)
/home/slimane/.node-gyp/7.4.0/include/node/v8.h:2716:3: note:   no known conversion for argument 1 from ‘v8::Persistent<v8::String>’ to ‘uint32_t {aka unsigned int}’
/home/slimane/.node-gyp/7.4.0/include/node/v8.h:2717:43: note: v8::MaybeLocal<v8::Value> v8::Object::Get(v8::Local<v8::Context>, uint32_t)
/home/slimane/.node-gyp/7.4.0/include/node/v8.h:2717:43: note:   candidate expects 2 arguments, 1 provided
../ext/bson.cc:228:68: error: no matching function for call to ‘v8::Object::Get(v8::Persistent<v8::String>&)’
../ext/bson.cc:228:68: note: candidates are:
/home/slimane/.node-gyp/7.4.0/include/node/v8.h:2712:3: note: v8::Local<v8::Value> v8::Object::Get(v8::Local<v8::Value>)
/home/slimane/.node-gyp/7.4.0/include/node/v8.h:2712:3: note:   no known conversion for argument 1 from ‘v8::Persistent<v8::String>’ to ‘v8::Local<v8::Value>’
/home/slimane/.node-gyp/7.4.0/include/node/v8.h:2713:43: note: v8::MaybeLocal<v8::Value> v8::Object::Get(v8::Local<v8::Context>, v8::Local<v8::Value>)
/home/slimane/.node-gyp/7.4.0/include/node/v8.h:2713:43: note:   candidate expects 2 arguments, 1 provided
/home/slimane/.node-gyp/7.4.0/include/node/v8.h:2716:3: note: v8::Local<v8::Value> v8::Object::Get(uint32_t)
/home/slimane/.node-gyp/7.4.0/include/node/v8.h:2716:3: note:   no known conversion for argument 1 from ‘v8::Persistent<v8::String>’ to ‘uint32_t {aka unsigned int}’
/home/slimane/.node-gyp/7.4.0/include/node/v8.h:2717:43: note: v8::MaybeLocal<v8::Value> v8::Object::Get(v8::Local<v8::Context>, uint32_t)
/home/slimane/.node-gyp/7.4.0/include/node/v8.h:2717:43: note:   candidate expects 2 arguments, 1 provided
../ext/bson.cc:233:46: error: no matching function for call to ‘v8::Object::Get(v8::Persistent<v8::String>&)’
../ext/bson.cc:233:46: note: candidates are:
/home/slimane/.node-gyp/7.4.0/include/node/v8.h:2712:3: note: v8::Local<v8::Value> v8::Object::Get(v8::Local<v8::Value>)
/home/slimane/.node-gyp/7.4.0/include/node/v8.h:2712:3: note:   no known conversion for argument 1 from ‘v8::Persistent<v8::String>’ to ‘v8::Local<v8::Value>’
/home/slimane/.node-gyp/7.4.0/include/node/v8.h:2713:43: note: v8::MaybeLocal<v8::Value> v8::Object::Get(v8::Local<v8::Context>, v8::Local<v8::Value>)
/home/slimane/.node-gyp/7.4.0/include/node/v8.h:2713:43: note:   candidate expects 2 arguments, 1 provided
/home/slimane/.node-gyp/7.4.0/include/node/v8.h:2716:3: note: v8::Local<v8::Value> v8::Object::Get(uint32_t)
/home/slimane/.node-gyp/7.4.0/include/node/v8.h:2716:3: note:   no known conversion for argument 1 from ‘v8::Persistent<v8::String>’ to ‘uint32_t {aka unsigned int}’
/home/slimane/.node-gyp/7.4.0/include/node/v8.h:2717:43: note: v8::MaybeLocal<v8::Value> v8::Object::Get(v8::Local<v8::Context>, uint32_t)
/home/slimane/.node-gyp/7.4.0/include/node/v8.h:2717:43: note:   candidate expects 2 arguments, 1 provided
../ext/bson.cc:239:30: error: base operand of ‘->’ has non-pointer type ‘v8::Persistent<v8::String>’
../ext/bson.cc:244:30: error: base operand of ‘->’ has non-pointer type ‘v8::Persistent<v8::String>’
../ext/bson.cc:247:73: error: no matching function for call to ‘v8::Object::Get(v8::Persistent<v8::String>&)’
../ext/bson.cc:247:73: note: candidates are:
/home/slimane/.node-gyp/7.4.0/include/node/v8.h:2712:3: note: v8::Local<v8::Value> v8::Object::Get(v8::Local<v8::Value>)
/home/slimane/.node-gyp/7.4.0/include/node/v8.h:2712:3: note:   no known conversion for argument 1 from ‘v8::Persistent<v8::String>’ to ‘v8::Local<v8::Value>’
/home/slimane/.node-gyp/7.4.0/include/node/v8.h:2713:43: note: v8::MaybeLocal<v8::Value> v8::Object::Get(v8::Local<v8::Context>, v8::Local<v8::Value>)
/home/slimane/.node-gyp/7.4.0/include/node/v8.h:2713:43: note:   candidate expects 2 arguments, 1 provided
/home/slimane/.node-gyp/7.4.0/include/node/v8.h:2716:3: note: v8::Local<v8::Value> v8::Object::Get(uint32_t)
/home/slimane/.node-gyp/7.4.0/include/node/v8.h:2716:3: note:   no known conversion for argument 1 from ‘v8::Persistent<v8::String>’ to ‘uint32_t {aka unsigned int}’
/home/slimane/.node-gyp/7.4.0/include/node/v8.h:2717:43: note: v8::MaybeLocal<v8::Value> v8::Object::Get(v8::Local<v8::Context>, uint32_t)
/home/slimane/.node-gyp/7.4.0/include/node/v8.h:2717:43: note:   candidate expects 2 arguments, 1 provided
../ext/bson.cc:249:28: error: base operand of ‘->’ has non-pointer type ‘v8::Persistent<v8::String>’
../ext/bson.cc:251:70: error: no matching function for call to ‘v8::Object::Get(v8::Persistent<v8::String>&)’
../ext/bson.cc:251:70: note: candidates are:
/home/slimane/.node-gyp/7.4.0/include/node/v8.h:2712:3: note: v8::Local<v8::Value> v8::Object::Get(v8::Local<v8::Value>)
/home/slimane/.node-gyp/7.4.0/include/node/v8.h:2712:3: note:   no known conversion for argument 1 from ‘v8::Persistent<v8::String>’ to ‘v8::Local<v8::Value>’
/home/slimane/.node-gyp/7.4.0/include/node/v8.h:2713:43: note: v8::MaybeLocal<v8::Value> v8::Object::Get(v8::Local<v8::Context>, v8::Local<v8::Value>)
/home/slimane/.node-gyp/7.4.0/include/node/v8.h:2713:43: note:   candidate expects 2 arguments, 1 provided
/home/slimane/.node-gyp/7.4.0/include/node/v8.h:2716:3: note: v8::Local<v8::Value> v8::Object::Get(uint32_t)
/home/slimane/.node-gyp/7.4.0/include/node/v8.h:2716:3: note:   no known conversion for argument 1 from ‘v8::Persistent<v8::String>’ to ‘uint32_t {aka unsigned int}’
/home/slimane/.node-gyp/7.4.0/include/node/v8.h:2717:43: note: v8::MaybeLocal<v8::Value> v8::Object::Get(v8::Local<v8::Context>, uint32_t)
/home/slimane/.node-gyp/7.4.0/include/node/v8.h:2717:43: note:   candidate expects 2 arguments, 1 provided
../ext/bson.cc:252:68: error: no matching function for call to ‘v8::Object::Get(v8::Persistent<v8::String>&)’
../ext/bson.cc:252:68: note: candidates are:
/home/slimane/.node-gyp/7.4.0/include/node/v8.h:2712:3: note: v8::Local<v8::Value> v8::Object::Get(v8::Local<v8::Value>)
/home/slimane/.node-gyp/7.4.0/include/node/v8.h:2712:3: note:   no known conversion for argument 1 from ‘v8::Persistent<v8::String>’ to ‘v8::Local<v8::Value>’
/home/slimane/.node-gyp/7.4.0/include/node/v8.h:2713:43: note: v8::MaybeLocal<v8::Value> v8::Object::Get(v8::Local<v8::Context>, v8::Local<v8::Value>)
/home/slimane/.node-gyp/7.4.0/include/node/v8.h:2713:43: note:   candidate expects 2 arguments, 1 provided
/home/slimane/.node-gyp/7.4.0/include/node/v8.h:2716:3: note: v8::Local<v8::Value> v8::Object::Get(uint32_t)
/home/slimane/.node-gyp/7.4.0/include/node/v8.h:2716:3: note:   no known conversion for argument 1 from ‘v8::Persistent<v8::String>’ to ‘uint32_t {aka unsigned int}’
/home/slimane/.node-gyp/7.4.0/include/node/v8.h:2717:43: note: v8::MaybeLocal<v8::Value> v8::Object::Get(v8::Local<v8::Context>, uint32_t)
/home/slimane/.node-gyp/7.4.0/include/node/v8.h:2717:43: note:   candidate expects 2 arguments, 1 provided
../ext/bson.cc:275:29: error: base operand of ‘->’ has non-pointer type ‘v8::Persistent<v8::String>’
../ext/bson.cc:283:68: error: no matching function for call to ‘v8::Object::Get(v8::Persistent<v8::String>&)’
../ext/bson.cc:283:68: note: candidates are:
/home/slimane/.node-gyp/7.4.0/include/node/v8.h:2712:3: note: v8::Local<v8::Value> v8::Object::Get(v8::Local<v8::Value>)
/home/slimane/.node-gyp/7.4.0/include/node/v8.h:2712:3: note:   no known conversion for argument 1 from ‘v8::Persistent<v8::String>’ to ‘v8::Local<v8::Value>’
/home/slimane/.node-gyp/7.4.0/include/node/v8.h:2713:43: note: v8::MaybeLocal<v8::Value> v8::Object::Get(v8::Local<v8::Context>, v8::Local<v8::Value>)
/home/slimane/.node-gyp/7.4.0/include/node/v8.h:2713:43: note:   candidate expects 2 arguments, 1 provided
/home/slimane/.node-gyp/7.4.0/include/node/v8.h:2716:3: note: v8::Local<v8::Value> v8::Object::Get(uint32_t)
/home/slimane/.node-gyp/7.4.0/include/node/v8.h:2716:3: note:   no known conversion for argument 1 from ‘v8::Persistent<v8::String>’ to ‘uint32_t {aka unsigned int}’
/home/slimane/.node-gyp/7.4.0/include/node/v8.h:2717:43: note: v8::MaybeLocal<v8::Value> v8::Object::Get(v8::Local<v8::Context>, uint32_t)
/home/slimane/.node-gyp/7.4.0/include/node/v8.h:2717:43: note:   candidate expects 2 arguments, 1 provided
../ext/bson.cc:287:61: error: no matching function for call to ‘v8::Object::Get(v8::Persistent<v8::String>&)’
../ext/bson.cc:287:61: note: candidates are:
/home/slimane/.node-gyp/7.4.0/include/node/v8.h:2712:3: note: v8::Local<v8::Value> v8::Object::Get(v8::Local<v8::Value>)
/home/slimane/.node-gyp/7.4.0/include/node/v8.h:2712:3: note:   no known conversion for argument 1 from ‘v8::Persistent<v8::String>’ to ‘v8::Local<v8::Value>’
/home/slimane/.node-gyp/7.4.0/include/node/v8.h:2713:43: note: v8::MaybeLocal<v8::Value> v8::Object::Get(v8::Local<v8::Context>, v8::Local<v8::Value>)
/home/slimane/.node-gyp/7.4.0/include/node/v8.h:2713:43: note:   candidate expects 2 arguments, 1 provided
/home/slimane/.node-gyp/7.4.0/include/node/v8.h:2716:3: note: v8::Local<v8::Value> v8::Object::Get(uint32_t)
/home/slimane/.node-gyp/7.4.0/include/node/v8.h:2716:3: note:   no known conversion for argument 1 from ‘v8::Persistent<v8::String>’ to ‘uint32_t {aka unsigned int}’
/home/slimane/.node-gyp/7.4.0/include/node/v8.h:2717:43: note: v8::MaybeLocal<v8::Value> v8::Object::Get(v8::Local<v8::Context>, uint32_t)
/home/slimane/.node-gyp/7.4.0/include/node/v8.h:2717:43: note:   candidate expects 2 arguments, 1 provided
../ext/bson.cc:289:70: error: no matching function for call to ‘v8::Object::Get(v8::Persistent<v8::String>&)’
../ext/bson.cc:289:70: note: candidates are:
/home/slimane/.node-gyp/7.4.0/include/node/v8.h:2712:3: note: v8::Local<v8::Value> v8::Object::Get(v8::Local<v8::Value>)
/home/slimane/.node-gyp/7.4.0/include/node/v8.h:2712:3: note:   no known conversion for argument 1 from ‘v8::Persistent<v8::String>’ to ‘v8::Local<v8::Value>’
/home/slimane/.node-gyp/7.4.0/include/node/v8.h:2713:43: note: v8::MaybeLocal<v8::Value> v8::Object::Get(v8::Local<v8::Context>, v8::Local<v8::Value>)
/home/slimane/.node-gyp/7.4.0/include/node/v8.h:2713:43: note:   candidate expects 2 arguments, 1 provided
/home/slimane/.node-gyp/7.4.0/include/node/v8.h:2716:3: note: v8::Local<v8::Value> v8::Object::Get(uint32_t)
/home/slimane/.node-gyp/7.4.0/include/node/v8.h:2716:3: note:   no known conversion for argument 1 from ‘v8::Persistent<v8::String>’ to ‘uint32_t {aka unsigned int}’
/home/slimane/.node-gyp/7.4.0/include/node/v8.h:2717:43: note: v8::MaybeLocal<v8::Value> v8::Object::Get(v8::Local<v8::Context>, uint32_t)
/home/slimane/.node-gyp/7.4.0/include/node/v8.h:2717:43: note:   candidate expects 2 arguments, 1 provided
../ext/bson.cc:300:30: error: base operand of ‘->’ has non-pointer type ‘v8::Persistent<v8::String>’
../ext/bson.cc:304:30: error: base operand of ‘->’ has non-pointer type ‘v8::Persistent<v8::String>’
../ext/bson.cc: In member function ‘v8::Local<v8::String> BSONDeserializer::ReadCString()’:
../ext/bson.cc:361:9: error: ‘New’ is not a member of ‘v8::String’
../ext/bson.cc: In member function ‘v8::Local<v8::String> BSONDeserializer::ReadString()’:
../ext/bson.cc:396:9: error: ‘New’ is not a member of ‘v8::String’
../ext/bson.cc: In member function ‘v8::Local<v8::String> BSONDeserializer::ReadObjectId()’:
../ext/bson.cc:406:9: error: ‘New’ is not a member of ‘v8::String’
../ext/bson.cc: At global scope:
../ext/bson.cc:409:1: error: ‘Handle’ does not name a type
../ext/bson.cc:418:1: error: ‘Handle’ does not name a type
../ext/bson.cc:444:1: error: ‘Handle’ does not name a type
../ext/bson.cc:453:1: error: ‘Handle’ does not name a type
../ext/bson.cc:469:1: error: ‘Handle’ does not name a type
../ext/bson.cc:597:8: error: ‘Handle’ does not name a type
../ext/bson.cc: In constructor ‘BSON::BSON()’:
../ext/bson.cc:608:44: error: ‘New’ is not a member of ‘v8::String’
../ext/bson.cc:609:43: error: ‘New’ is not a member of ‘v8::String’
../ext/bson.cc:610:44: error: ‘New’ is not a member of ‘v8::String’
../ext/bson.cc:611:46: error: ‘New’ is not a member of ‘v8::String’
../ext/bson.cc:612:50: error: ‘New’ is not a member of ‘v8::String’
../ext/bson.cc:613:49: error: ‘New’ is not a member of ‘v8::String’
../ext/bson.cc:614:48: error: ‘New’ is not a member of ‘v8::String’
../ext/bson.cc:615:47: error: ‘New’ is not a member of ‘v8::String’
../ext/bson.cc:616:47: error: ‘New’ is not a member of ‘v8::String’
../ext/bson.cc:617:44: error: ‘New’ is not a member of ‘v8::String’
../ext/bson.cc:618:46: error: ‘New’ is not a member of ‘v8::String’
../ext/bson.cc:619:46: error: ‘New’ is not a member of ‘v8::String’
../ext/bson.cc:620:50: error: ‘New’ is not a member of ‘v8::String’
../ext/bson.cc:621:43: error: ‘New’ is not a member of ‘v8::String’
../ext/bson.cc:622:44: error: ‘New’ is not a member of ‘v8::String’
../ext/bson.cc:623:44: error: ‘New’ is not a member of ‘v8::String’
../ext/bson.cc:624:45: error: ‘New’ is not a member of ‘v8::String’
../ext/bson.cc:625:42: error: ‘New’ is not a member of ‘v8::String’
../ext/bson.cc:627:39: error: ‘New’ is not a member of ‘v8::String’
../ext/bson.cc:628:43: error: ‘New’ is not a member of ‘v8::String’
../ext/bson.cc:629:41: error: ‘New’ is not a member of ‘v8::String’
../ext/bson.cc:630:39: error: ‘New’ is not a member of ‘v8::String’
../ext/bson.cc:631:40: error: ‘New’ is not a member of ‘v8::String’
../ext/bson.cc:632:41: error: ‘New’ is not a member of ‘v8::String’
../ext/bson.cc:633:41: error: ‘New’ is not a member of ‘v8::String’
../ext/bson.cc:634:44: error: ‘New’ is not a member of ‘v8::String’
../ext/bson.cc:635:41: error: ‘New’ is not a member of ‘v8::String’
../ext/bson.cc:636:41: error: ‘New’ is not a member of ‘v8::String’
../ext/bson.cc: At global scope:
../ext/bson.cc:639:27: error: variable or field ‘Initialize’ declared void
../ext/bson.cc:639:23: error: ‘Handle’ is not a member of ‘v8’
../ext/bson.cc:639:44: error: expected primary-expression before ‘>’ token
../ext/bson.cc:639:46: error: ‘target’ was not declared in this scope
../ext/bson.cc:660:1: error: ‘Handle’ does not name a type
../ext/bson.cc:742:1: error: ‘Handle’ does not name a type
../ext/bson.cc:828:46: error: ‘Handle’ does not name a type
../ext/bson.cc:828:46: error: ISO C++ forbids declaration of ‘parameter’ with no type [-fpermissive]
../ext/bson.cc:828:52: error: expected ‘,’ or ‘...’ before ‘<’ token
../ext/bson.cc: In member function ‘v8::Local<v8::Object> BSON::GetSerializeObject(int)’:
../ext/bson.cc:830:25: error: ‘argValue’ was not declared in this scope
../ext/bson.cc:831:30: error: no matching function for call to ‘v8::Object::Has(v8::Persistent<v8::String>&)’
../ext/bson.cc:831:30: note: candidates are:
/home/slimane/.node-gyp/7.4.0/include/node/v8.h:2738:3: note: bool v8::Object::Has(v8::Local<v8::Value>)
/home/slimane/.node-gyp/7.4.0/include/node/v8.h:2738:3: note:   no known conversion for argument 1 from ‘v8::Persistent<v8::String>’ to ‘v8::Local<v8::Value>’
/home/slimane/.node-gyp/7.4.0/include/node/v8.h:2739:37: note: v8::Maybe<bool> v8::Object::Has(v8::Local<v8::Context>, v8::Local<v8::Value>)
/home/slimane/.node-gyp/7.4.0/include/node/v8.h:2739:37: note:   candidate expects 2 arguments, 1 provided
/home/slimane/.node-gyp/7.4.0/include/node/v8.h:2746:3: note: bool v8::Object::Has(uint32_t)
/home/slimane/.node-gyp/7.4.0/include/node/v8.h:2746:3: note:   no known conversion for argument 1 from ‘v8::Persistent<v8::String>’ to ‘uint32_t {aka unsigned int}’
/home/slimane/.node-gyp/7.4.0/include/node/v8.h:2747:37: note: v8::Maybe<bool> v8::Object::Has(v8::Local<v8::Context>, uint32_t)
/home/slimane/.node-gyp/7.4.0/include/node/v8.h:2747:37: note:   candidate expects 2 arguments, 1 provided
../ext/bson.cc:833:57: error: no matching function for call to ‘v8::Object::Get(v8::Persistent<v8::String>&)’
../ext/bson.cc:833:57: note: candidates are:
/home/slimane/.node-gyp/7.4.0/include/node/v8.h:2712:3: note: v8::Local<v8::Value> v8::Object::Get(v8::Local<v8::Value>)
/home/slimane/.node-gyp/7.4.0/include/node/v8.h:2712:3: note:   no known conversion for argument 1 from ‘v8::Persistent<v8::String>’ to ‘v8::Local<v8::Value>’
/home/slimane/.node-gyp/7.4.0/include/node/v8.h:2713:43: note: v8::MaybeLocal<v8::Value> v8::Object::Get(v8::Local<v8::Context>, v8::Local<v8::Value>)
/home/slimane/.node-gyp/7.4.0/include/node/v8.h:2713:43: note:   candidate expects 2 arguments, 1 provided
/home/slimane/.node-gyp/7.4.0/include/node/v8.h:2716:3: note: v8::Local<v8::Value> v8::Object::Get(uint32_t)
/home/slimane/.node-gyp/7.4.0/include/node/v8.h:2716:3: note:   no known conversion for argument 1 from ‘v8::Persistent<v8::String>’ to ‘uint32_t {aka unsigned int}’
/home/slimane/.node-gyp/7.4.0/include/node/v8.h:2717:43: note: v8::MaybeLocal<v8::Value> v8::Object::Get(v8::Local<v8::Context>, uint32_t)
/home/slimane/.node-gyp/7.4.0/include/node/v8.h:2717:43: note:   candidate expects 2 arguments, 1 provided
../ext/bson.cc: At global scope:
../ext/bson.cc:846:1: error: ‘Handle’ does not name a type
../ext/bson.cc:907:1: error: ‘Handle’ does not name a type
../ext/bson.cc:925:1: error: ‘Handle’ does not name a type
../ext/bson.cc:966:1: error: ‘Handle’ does not name a type
../ext/bson.cc:1039:22: error: variable or field ‘init’ declared void
../ext/bson.cc:1039:22: error: ‘Handle’ was not declared in this scope
../ext/bson.cc:1039:35: error: expected primary-expression before ‘>’ token
../ext/bson.cc:1039:37: error: ‘target’ was not declared in this scope
../ext/bson.cc: In member function ‘v8::Local<v8::Object> BSON::GetSerializeObject(int)’:
../ext/bson.cc:844:1: warning: control reaches end of non-void function [-Wreturn-type]
../ext/bson.cc: In member function ‘v8::Local<v8::String> BSONDeserializer::ReadObjectId()’:
../ext/bson.cc:407:1: warning: control reaches end of non-void function [-Wreturn-type]
../ext/bson.cc: In member function ‘v8::Local<v8::String> BSONDeserializer::ReadString()’:
../ext/bson.cc:397:1: warning: control reaches end of non-void function [-Wreturn-type]
../ext/bson.cc: In member function ‘v8::Local<v8::String> BSONDeserializer::ReadCString()’:
../ext/bson.cc:362:1: warning: control reaches end of non-void function [-Wreturn-type]
make: *** [Release/obj.target/bson/ext/bson.o] Error 1
gyp ERR! build error 
gyp ERR! stack Error: `make` failed with exit code: 2
gyp ERR! stack     at ChildProcess.onExit (/usr/local/lib/node_modules/npm/node_modules/node-gyp/lib/build.js:276:23)
gyp ERR! stack     at emitTwo (events.js:106:13)
gyp ERR! stack     at ChildProcess.emit (events.js:191:7)
gyp ERR! stack     at Process.ChildProcess._handle.onexit (internal/child_process.js:215:12)
gyp ERR! System Linux 3.13.0-71-generic
gyp ERR! command "/usr/local/bin/node" "/usr/local/lib/node_modules/npm/node_modules/node-gyp/bin/node-gyp.js" "rebuild"
gyp ERR! cwd /home/slimane/NodejsApi/node_modules/bson
gyp ERR! node -v v7.4.0
gyp ERR! node-gyp -v v3.4.0
gyp ERR! not ok 
